
> transitops@0.1.0 build
> next build

⚠ Warning: Next.js inferred your workspace root, but it may not be correct.
 We detected multiple lockfiles and selected the directory of /home/manish/package-lock.json as the root directory.
 To silence this warning, set `turbopack.root` in your Next.js config, or consider removing one of the lockfiles if it's not needed.
   See https://nextjs.org/docs/app/api-reference/config/next-config-js/turbopack#root-directory for more information.
 Detected additional lockfiles: 
   * /home/manish/Projects/TransitOps/frontend/package-lock.json

▲ Next.js 16.2.10 (Turbopack)

⚠ The "middleware" file convention is deprecated. Please use "proxy" instead. Learn more: https://nextjs.org/docs/messages/middleware-to-proxy
  Creating an optimized production build ...

> Build error occurred
Error: Turbopack build failed with 6 errors:
./Projects/TransitOps/frontend/src/hooks/useForgotPassword.ts:5:1
Module not found: Can't resolve '@hookform/resolvers/zod'
  [90m3 |[0m [36mimport[0m { useState } [36mfrom[0m [32m'react'[0m;
  [90m4 |[0m [36mimport[0m { useForm } [36mfrom[0m [32m'react-hook-form'[0m;
[31m[1m>[0m [90m5 |[0m [36mimport[0m { zodResolver } [36mfrom[0m [32m'@hookform/resolvers/zod'[0m;
  [90m  |[0m [31m[1m^^^^^^^^^^^^^^^^^^^^^^^^^^^^^^^^^^^^^^^^^^^^^^^^^^^^^^[0m
  [90m6 |[0m [36mimport[0m { forgotPasswordSchema, [33mForgotPasswordInput[0m } [36mfrom[0m [32m'@/validation...[0m
  [90m7 |[0m [36mimport[0m { authService } [36mfrom[0m [32m'@/services/auth.service'[0m;
  [90m8 |[0m [36mimport[0m { toast } [36mfrom[0m [32m'sonner'[0m;



Import traces:
  Client Component Browser:
    ./Projects/TransitOps/frontend/src/hooks/useForgotPassword.ts [Client Component Browser]
    ./Projects/TransitOps/frontend/src/app/(auth)/forgot-password/page.tsx [Client Component Browser]
    ./Projects/TransitOps/frontend/src/app/(auth)/forgot-password/page.tsx [Server Component]

  Client Component SSR:
    ./Projects/TransitOps/frontend/src/hooks/useForgotPassword.ts [Client Component SSR]
    ./Projects/TransitOps/frontend/src/app/(auth)/forgot-password/page.tsx [Client Component SSR]
    ./Projects/TransitOps/frontend/src/app/(auth)/forgot-password/page.tsx [Server Component]

https://nextjs.org/docs/messages/module-not-found


./Projects/TransitOps/frontend/src/hooks/useLogin.ts:5:1
Module not found: Can't resolve '@hookform/resolvers/zod'
  [90m3 |[0m [36mimport[0m { useState } [36mfrom[0m [32m'react'[0m;
  [90m4 |[0m [36mimport[0m { useForm } [36mfrom[0m [32m'react-hook-form'[0m;
[31m[1m>[0m [90m5 |[0m [36mimport[0m { zodResolver } [36mfrom[0m [32m'@hookform/resolvers/zod'[0m;
  [90m  |[0m [31m[1m^^^^^^^^^^^^^^^^^^^^^^^^^^^^^^^^^^^^^^^^^^^^^^^^^^^^^^[0m
  [90m6 |[0m [36mimport[0m { loginSchema, [33mLoginInput[0m } [36mfrom[0m [32m'@/validation/login.schema'[0m;
  [90m7 |[0m [36mimport[0m { authService } [36mfrom[0m [32m'@/services/auth.service'[0m;
  [90m8 |[0m [36mimport[0m { authStore } [36mfrom[0m [32m'@/store/auth.store'[0m;



Import traces:
  Client Component Browser:
    ./Projects/TransitOps/frontend/src/hooks/useLogin.ts [Client Component Browser]
    ./Projects/TransitOps/frontend/src/app/(auth)/login/page.tsx [Client Component Browser]
    ./Projects/TransitOps/frontend/src/app/(auth)/login/page.tsx [Server Component]

  Client Component SSR:
    ./Projects/TransitOps/frontend/src/hooks/useLogin.ts [Client Component SSR]
    ./Projects/TransitOps/frontend/src/app/(auth)/login/page.tsx [Client Component SSR]
    ./Projects/TransitOps/frontend/src/app/(auth)/login/page.tsx [Server Component]

https://nextjs.org/docs/messages/module-not-found


./Projects/TransitOps/frontend/src/hooks/useResetPassword.ts:5:1
Module not found: Can't resolve '@hookform/resolvers/zod'
  [90m3 |[0m [36mimport[0m { useState } [36mfrom[0m [32m'react'[0m;
  [90m4 |[0m [36mimport[0m { useForm } [36mfrom[0m [32m'react-hook-form'[0m;
[31m[1m>[0m [90m5 |[0m [36mimport[0m { zodResolver } [36mfrom[0m [32m'@hookform/resolvers/zod'[0m;
  [90m  |[0m [31m[1m^^^^^^^^^^^^^^^^^^^^^^^^^^^^^^^^^^^^^^^^^^^^^^^^^^^^^^[0m
  [90m6 |[0m [36mimport[0m { resetPasswordSchema, [33mResetPasswordInput[0m } [36mfrom[0m [32m'@/validation/r...[0m
  [90m7 |[0m [36mimport[0m { authService } [36mfrom[0m [32m'@/services/auth.service'[0m;
  [90m8 |[0m [36mimport[0m { useSearchParams } [36mfrom[0m [32m'next/navigation'[0m;



Import traces:
  Client Component Browser:
    ./Projects/TransitOps/frontend/src/hooks/useResetPassword.ts [Client Component Browser]
    ./Projects/TransitOps/frontend/src/app/(auth)/reset-password/page.tsx [Client Component Browser]
    ./Projects/TransitOps/frontend/src/app/(auth)/reset-password/page.tsx [Server Component]

  Client Component SSR:
    ./Projects/TransitOps/frontend/src/hooks/useResetPassword.ts [Client Component SSR]
    ./Projects/TransitOps/frontend/src/app/(auth)/reset-password/page.tsx [Client Component SSR]
    ./Projects/TransitOps/frontend/src/app/(auth)/reset-password/page.tsx [Server Component]

https://nextjs.org/docs/messages/module-not-found


./Projects/TransitOps/frontend/src/hooks/useForgotPassword.ts:4:1
Module not found: Can't resolve 'react-hook-form'
  [90m2 |[0m
  [90m3 |[0m [36mimport[0m { useState } [36mfrom[0m [32m'react'[0m;
[31m[1m>[0m [90m4 |[0m [36mimport[0m { useForm } [36mfrom[0m [32m'react-hook-form'[0m;
  [90m  |[0m [31m[1m^^^^^^^^^^^^^^^^^^^^^^^^^^^^^^^^^^^^^^^^^^[0m
  [90m5 |[0m [36mimport[0m { zodResolver } [36mfrom[0m [32m'@hookform/resolvers/zod'[0m;
  [90m6 |[0m [36mimport[0m { forgotPasswordSchema, [33mForgotPasswordInput[0m } [36mfrom[0m [32m'@/validation...[0m
  [90m7 |[0m [36mimport[0m { authService } [36mfrom[0m [32m'@/services/auth.service'[0m;



Import traces:
  Client Component Browser:
    ./Projects/TransitOps/frontend/src/hooks/useForgotPassword.ts [Client Component Browser]
    ./Projects/TransitOps/frontend/src/app/(auth)/forgot-password/page.tsx [Client Component Browser]
    ./Projects/TransitOps/frontend/src/app/(auth)/forgot-password/page.tsx [Server Component]

  Client Component SSR:
    ./Projects/TransitOps/frontend/src/hooks/useForgotPassword.ts [Client Component SSR]
    ./Projects/TransitOps/frontend/src/app/(auth)/forgot-password/page.tsx [Client Component SSR]
    ./Projects/TransitOps/frontend/src/app/(auth)/forgot-password/page.tsx [Server Component]

https://nextjs.org/docs/messages/module-not-found


./Projects/TransitOps/frontend/src/hooks/useLogin.ts:4:1
Module not found: Can't resolve 'react-hook-form'
  [90m2 |[0m
  [90m3 |[0m [36mimport[0m { useState } [36mfrom[0m [32m'react'[0m;
[31m[1m>[0m [90m4 |[0m [36mimport[0m { useForm } [36mfrom[0m [32m'react-hook-form'[0m;
  [90m  |[0m [31m[1m^^^^^^^^^^^^^^^^^^^^^^^^^^^^^^^^^^^^^^^^^^[0m
  [90m5 |[0m [36mimport[0m { zodResolver } [36mfrom[0m [32m'@hookform/resolvers/zod'[0m;
  [90m6 |[0m [36mimport[0m { loginSchema, [33mLoginInput[0m } [36mfrom[0m [32m'@/validation/login.schema'[0m;
  [90m7 |[0m [36mimport[0m { authService } [36mfrom[0m [32m'@/services/auth.service'[0m;



Import traces:
  Client Component Browser:
    ./Projects/TransitOps/frontend/src/hooks/useLogin.ts [Client Component Browser]
    ./Projects/TransitOps/frontend/src/app/(auth)/login/page.tsx [Client Component Browser]
    ./Projects/TransitOps/frontend/src/app/(auth)/login/page.tsx [Server Component]

  Client Component SSR:
    ./Projects/TransitOps/frontend/src/hooks/useLogin.ts [Client Component SSR]
    ./Projects/TransitOps/frontend/src/app/(auth)/login/page.tsx [Client Component SSR]
    ./Projects/TransitOps/frontend/src/app/(auth)/login/page.tsx [Server Component]

https://nextjs.org/docs/messages/module-not-found


./Projects/TransitOps/frontend/src/hooks/useResetPassword.ts:4:1
Module not found: Can't resolve 'react-hook-form'
  [90m2 |[0m
  [90m3 |[0m [36mimport[0m { useState } [36mfrom[0m [32m'react'[0m;
[31m[1m>[0m [90m4 |[0m [36mimport[0m { useForm } [36mfrom[0m [32m'react-hook-form'[0m;
  [90m  |[0m [31m[1m^^^^^^^^^^^^^^^^^^^^^^^^^^^^^^^^^^^^^^^^^^[0m
  [90m5 |[0m [36mimport[0m { zodResolver } [36mfrom[0m [32m'@hookform/resolvers/zod'[0m;
  [90m6 |[0m [36mimport[0m { resetPasswordSchema, [33mResetPasswordInput[0m } [36mfrom[0m [32m'@/validation/r...[0m
  [90m7 |[0m [36mimport[0m { authService } [36mfrom[0m [32m'@/services/auth.service'[0m;



Import traces:
  Client Component Browser:
    ./Projects/TransitOps/frontend/src/hooks/useResetPassword.ts [Client Component Browser]
    ./Projects/TransitOps/frontend/src/app/(auth)/reset-password/page.tsx [Client Component Browser]
    ./Projects/TransitOps/frontend/src/app/(auth)/reset-password/page.tsx [Server Component]

  Client Component SSR:
    ./Projects/TransitOps/frontend/src/hooks/useResetPassword.ts [Client Component SSR]
    ./Projects/TransitOps/frontend/src/app/(auth)/reset-password/page.tsx [Client Component SSR]
    ./Projects/TransitOps/frontend/src/app/(auth)/reset-password/page.tsx [Server Component]

https://nextjs.org/docs/messages/module-not-found


    at <unknown> (./Projects/TransitOps/frontend/src/hooks/useForgotPassword.ts:5:1)
    at <unknown> (https://nextjs.org/docs/messages/module-not-found)
    at <unknown> (./Projects/TransitOps/frontend/src/hooks/useLogin.ts:5:1)
    at <unknown> (https://nextjs.org/docs/messages/module-not-found)
    at <unknown> (./Projects/TransitOps/frontend/src/hooks/useResetPassword.ts:5:1)
    at <unknown> (https://nextjs.org/docs/messages/module-not-found)
    at <unknown> (./Projects/TransitOps/frontend/src/hooks/useForgotPassword.ts:4:1)
    at <unknown> (https://nextjs.org/docs/messages/module-not-found)
    at <unknown> (./Projects/TransitOps/frontend/src/hooks/useLogin.ts:4:1)
    at <unknown> (https://nextjs.org/docs/messages/module-not-found)
    at <unknown> (./Projects/TransitOps/frontend/src/hooks/useResetPassword.ts:4:1)
    at <unknown> (https://nextjs.org/docs/messages/module-not-found)
